2005.11.02 20:23 B f:\sheep\pictures\2005win\Cheyenneksgr.jpg --> www.showsheep.com /www/pictures/2005win Cheyenneksgr.jpg
2005.11.02 20:23 B f:\sheep\pictures\2005win\Cheygr0001.htm --> www.showsheep.com /www/pictures/2005win Cheygr0001.htm
2005.11.02 20:23 B f:\sheep\pictures\2005win\Cheygr0001.JPG --> www.showsheep.com /www/pictures/2005win Cheygr0001.JPG
2005.11.02 20:23 B f:\sheep\pictures\2005win\Cheygr0001_small.JPG --> www.showsheep.com /www/pictures/2005win Cheygr0001_small.JPG
2005.11.02 20:23 B f:\sheep\pictures\2005win\douglasrg.htm --> www.showsheep.com /www/pictures/2005win douglasrg.htm
2005.11.02 20:23 B f:\sheep\pictures\2005win\douglasrg.jpg --> www.showsheep.com /www/pictures/2005win douglasrg.jpg
2005.11.02 20:23 B f:\sheep\pictures\2005win\douglasrg_small.jpg --> www.showsheep.com /www/pictures/2005win douglasrg_small.jpg
2005.11.02 20:24 B f:\sheep\pictures\2005win\elbertgr.htm --> www.showsheep.com /www/pictures/2005win elbertgr.htm
2005.11.02 20:24 B f:\sheep\pictures\2005win\elbertgr.jpg --> www.showsheep.com /www/pictures/2005win elbertgr.jpg
2005.11.02 20:24 B f:\sheep\pictures\2005win\elbertgr_small.jpg --> www.showsheep.com /www/pictures/2005win elbertgr_small.jpg
2005.11.02 20:24 B f:\sheep\pictures\2005win\elpasorg.htm --> www.showsheep.com /www/pictures/2005win elpasorg.htm
2005.11.02 20:24 B f:\sheep\pictures\2005win\elpasorg.jpg --> www.showsheep.com /www/pictures/2005win elpasorg.jpg
2005.11.02 20:24 B f:\sheep\pictures\2005win\elpasorg_small.jpg --> www.showsheep.com /www/pictures/2005win elpasorg_small.jpg
2005.11.02 20:24 B f:\sheep\pictures\2005win\KCCFgr.htm --> www.showsheep.com /www/pictures/2005win KCCFgr.htm
2005.11.02 20:25 B f:\sheep\pictures\2005win\KCCFgr.jpg --> www.showsheep.com /www/pictures/2005win KCCFgr.jpg
2005.11.02 20:25 B f:\sheep\pictures\2005win\KCCFgr_small.jpg --> www.showsheep.com /www/pictures/2005win KCCFgr_small.jpg
2005.11.02 20:25 B f:\sheep\pictures\2005win\KCCFrg.htm --> www.showsheep.com /www/pictures/2005win KCCFrg.htm
2005.11.02 20:25 B f:\sheep\pictures\2005win\KCCFrg.jpg --> www.showsheep.com /www/pictures/2005win KCCFrg.jpg
2005.11.02 20:25 B f:\sheep\pictures\2005win\KCCFrg_small.jpg --> www.showsheep.com /www/pictures/2005win KCCFrg_small.jpg
2005.11.02 20:25 B f:\sheep\pictures\2005win\KitCargr&rg.htm --> www.showsheep.com /www/pictures/2005win KitCargr&rg.htm
2005.11.02 20:25 B f:\sheep\pictures\2005win\KitCargr&rg.jpg --> www.showsheep.com /www/pictures/2005win KitCargr&rg.jpg
2005.11.02 20:25 B f:\sheep\pictures\2005win\KitCargrrg_small.jpg --> www.showsheep.com /www/pictures/2005win KitCargrrg_small.jpg
2005.11.02 20:26 B f:\sheep\pictures\2005win\SFsale1.htm --> www.showsheep.com /www/pictures/2005win SFsale1.htm
2005.11.02 20:26 B f:\sheep\pictures\2005win\SFsale1.jpg --> www.showsheep.com /www/pictures/2005win SFsale1.jpg
2005.11.02 20:26 B f:\sheep\pictures\2005win\SFsale1_small.jpg --> www.showsheep.com /www/pictures/2005win SFsale1_small.jpg
2005.11.02 20:26 B f:\sheep\pictures\2005win\Shbonanzagr.htm --> www.showsheep.com /www/pictures/2005win Shbonanzagr.htm
2005.11.02 20:26 B f:\sheep\pictures\2005win\Shbonanzagr.jpg --> www.showsheep.com /www/pictures/2005win Shbonanzagr.jpg
2005.11.02 20:26 B f:\sheep\pictures\2005win\Shbonanzagr_small.jpg --> www.showsheep.com /www/pictures/2005win Shbonanzagr_small.jpg
2005.11.02 20:26 B f:\sheep\pictures\2005win\shermangr.htm --> www.showsheep.com /www/pictures/2005win shermangr.htm
2005.11.02 20:27 B f:\sheep\pictures\2005win\shermangr.jpg --> www.showsheep.com /www/pictures/2005win shermangr.jpg
2005.11.02 20:27 B f:\sheep\pictures\2005win\shermangr_small.jpg --> www.showsheep.com /www/pictures/2005win shermangr_small.jpg
2005.11.02 20:27 B f:\sheep\pictures\2005win\template.htm --> www.showsheep.com /www/pictures/2005win template.htm
2005.11.02 20:27 B f:\sheep\pictures\2005win\Thumbs.db --> www.showsheep.com /www/pictures/2005win Thumbs.db
2005.11.02 20:27 B f:\sheep\pictures\2005win\ZbThumbnail.info --> www.showsheep.com /www/pictures/2005win ZbThumbnail.info
